#
# A fatal error has been detected by the Java Runtime Environment:
#
#  EXCEPTION_ACCESS_VIOLATION (0xc0000005) at pc=0x00007ffd6786777e, pid=9912, tid=9836
#
# JRE version: Java(TM) SE Runtime Environment (15.0+36) (build 15+36-1562)
# Java VM: Java HotSpot(TM) 64-Bit Server VM (15+36-1562, mixed mode, sharing, tiered, compressed oops, g1 gc, windows-amd64)
# Problematic frame:
# V  [jvm.dll+0x6e777e]
#
# No core dump will be written. Minidumps are not enabled by default on client versions of Windows
#
# If you would like to submit a bug report, please visit:
#   https://bugreport.java.com/bugreport/crash.jsp
#

---------------  S U M M A R Y ------------

Command Line: -javaagent:C:\Program Files\JetBrains\IntelliJ IDEA Community Edition 2020.2.2\lib\idea_rt.jar=56272:C:\Program Files\JetBrains\IntelliJ IDEA Community Edition 2020.2.2\bin -Dfile.encoding=UTF-8 ru.dilgrop.java.luckytickets.LuckyTicketsApp

Host: AMD Ryzen 5 3500U with Radeon Vega Mobile Gfx  , 8 cores, 13G,  Windows 10 , 64 bit Build 18362 (10.0.18362.1082)
Time: Thu Oct  1 21:44:43 2020 RTZ 4 (ceia) elapsed time: 0.599960 seconds (0d 0h 0m 0s)

---------------  T H R E A D  ---------------

Current thread (0x0000021884e01720):  JavaThread "C2 CompilerThread1" daemon [_thread_in_native, id=9836, stack(0x000000719ef00000,0x000000719f000000)]


Current CompileTask:
C2:    600  415 %     4       java.util.stream.Streams$RangeIntSpliterator::forEachRemaining @ 34 (65 bytes)

Stack: [0x000000719ef00000,0x000000719f000000],  sp=0x000000719effadf0,  free space=1003k
Native frames: (J=compiled Java code, j=interpreted, Vv=VM code, C=native code)
V  [jvm.dll+0x6e777e]
V  [jvm.dll+0x6e860d]
V  [jvm.dll+0x6f000a]
V  [jvm.dll+0x6e8523]
V  [jvm.dll+0x6f2a5a]
V  [jvm.dll+0x54059f]
V  [jvm.dll+0x1f27f4]
V  [jvm.dll+0x1ec1c1]
V  [jvm.dll+0x1e8f37]
V  [jvm.dll+0x177f17]
V  [jvm.dll+0x1f88f5]
V  [jvm.dll+0x1f699c]
V  [jvm.dll+0x74384d]
V  [jvm.dll+0x73c64a]
V  [jvm.dll+0x628d16]
C  [ucrtbase.dll+0x20e82]
C  [KERNEL32.DLL+0x17bd4]
C  [ntdll.dll+0x6ce51]


siginfo: EXCEPTION_ACCESS_VIOLATION (0xc0000005), reading address 0x0000000000000008


Register to memory mapping:

RIP=0x00007ffd6786777e jvm.dll
RAX=0x0 is NULL
RBX=0x000000719effae70 is pointing into the stack for thread: 0x0000021884e01720
RCX=0x000000719effae70 is pointing into the stack for thread: 0x0000021884e01720
RDX=0x0 is NULL
RSP=0x000000719effadf0 is pointing into the stack for thread: 0x0000021884e01720
RBP=0x0000021885898dc8 points into unknown readable memory: 0x00007ffd67a0d970 | 70 d9 a0 67 fd 7f 00 00
RSI=0x0 is NULL
RDI=0x0 is NULL
R8 =0x000000719effb260 is pointing into the stack for thread: 0x0000021884e01720
R9 =0x0 is NULL
R10=0x0000021884fdbc90 points into unknown readable memory: 0x0000000000000000 | 00 00 00 00 00 00 00 00
R11=0x0000021884fdbca0 points into unknown readable memory: 0x0000000000000000 | 00 00 00 00 00 00 00 00
R12=0x0000021885be3598 points into unknown readable memory: 0x00007ffd67a3c1a0 | a0 c1 a3 67 fd 7f 00 00
R13=0x0000021886142dc8 points into unknown readable memory: 0x00007ffd67a0e5c8 | c8 e5 a0 67 fd 7f 00 00
R14=0x000000000000003f is an unknown value
R15=0x0000021885f22000 points into unknown readable memory: 0x00007ffd679cabf8 | f8 ab 9c 67 fd 7f 00 00


Registers:
RAX=0x0000000000000000, RBX=0x000000719effae70, RCX=0x000000719effae70, RDX=0x0000000000000000
RSP=0x000000719effadf0, RBP=0x0000021885898dc8, RSI=0x0000000000000000, RDI=0x0000000000000000
R8 =0x000000719effb260, R9 =0x0000000000000000, R10=0x0000021884fdbc90, R11=0x0000021884fdbca0
R12=0x0000021885be3598, R13=0x0000021886142dc8, R14=0x000000000000003f, R15=0x0000021885f22000
RIP=0x00007ffd6786777e, EFLAGS=0x0000000000010246

Top of Stack: (sp=0x000000719effadf0)
0x000000719effadf0:   000002188613f058 000000719effb260
0x000000719effae00:   000000719effae00 0000000000000000
0x000000719effae10:   0000000000000000 00007ffd6786860d
0x000000719effae20:   000000719effb260 000000719effb260
0x000000719effae30:   000000719effb260 00000218855f0d68
0x000000719effae40:   0000001000000000 0000000000000000
0x000000719effae50:   0000021886143268 0000021885898dc8
0x000000719effae60:   0000021885f22000 000000719effb260
0x000000719effae70:   0000000000000000 000000719effb260
0x000000719effae80:   0000000000000000 0000000000000000
0x000000719effae90:   0000000000000000 0000000000000000
0x000000719effaea0:   0000000000000000 0000000000000000
0x000000719effaeb0:   000000009effaf00 00007ffd6786c194
0x000000719effaec0:   0000021800000000 000000719effed90
0x000000719effaed0:   000000000000003f 0000000000000018
0x000000719effaee0:   0000021885be3598 0000000000000010 

Instructions: (pc=0x00007ffd6786777e)
0x00007ffd6786767e:   50 74 57 8b c1 83 e0 3f 3c 30 74 4e 80 e1 1f 45
0x00007ffd6786768e:   33 c0 80 f9 10 75 0d 4d 89 41 08 45 8b d8 48 8b
0x00007ffd6786769e:   43 20 eb 50 b9 01 00 00 00 41 89 49 08 44 8b 5a
0x00007ffd678676ae:   18 45 89 59 0c 4d 89 41 10 41 3b cb 7d 69 8d 41
0x00007ffd678676be:   01 41 89 41 08 49 8b 42 08 48 8b 0c c8 49 8b c1
0x00007ffd678676ce:   49 89 49 18 48 8b 5c 24 08 c3 41 c7 41 08 02 00
0x00007ffd678676de:   00 00 44 8b 5a 18 45 89 59 0c 49 8b 40 20 41 b8
0x00007ffd678676ee:   02 00 00 00 48 63 4a 28 48 8b 0c c8 48 8b 51 08
0x00007ffd678676fe:   41 8b c8 49 89 51 10 48 85 d2 74 ad 48 8b 02 48
0x00007ffd6786770e:   8b 08 49 89 49 18 48 8b 42 10 49 89 41 10 49 8b
0x00007ffd6786771e:   c1 48 8b 5c 24 08 c3 48 8b 5c 24 08 49 8b c1 41
0x00007ffd6786772e:   c6 41 20 01 c3 cc cc cc cc cc cc cc cc cc cc cc
0x00007ffd6786773e:   cc cc 48 89 5c 24 10 48 89 74 24 18 57 48 83 ec
0x00007ffd6786774e:   20 0f b6 44 24 50 33 f6 88 41 40 48 8b d9 48 89
0x00007ffd6786775e:   71 10 48 89 71 18 48 89 71 20 48 89 71 28 40 88
0x00007ffd6786776e:   71 30 89 71 44 48 89 11 4c 89 41 08 4c 89 49 38
0x00007ffd6786777e:   48 8b 42 08 48 8b 78 10 8b 47 2c 25 ff 03 00 00
0x00007ffd6786778e:   3d 00 02 00 00 0f 85 a9 00 00 00 48 8b 47 08 48
0x00007ffd6786779e:   89 6c 24 30 48 8b 68 08 48 8b d5 e8 12 71 00 00
0x00007ffd678677ae:   84 c0 74 78 48 39 75 10 75 18 e8 63 3a 92 ff 84
0x00007ffd678677be:   c0 74 69 0f 1f 40 00 66 66 66 0f 1f 84 00 00 00
0x00007ffd678677ce:   00 00 48 8b 47 08 48 8b cb 48 8b 50 18 e8 10 a9
0x00007ffd678677de:   00 00 84 c0 74 46 48 8b 47 08 48 8b 78 10 48 3b
0x00007ffd678677ee:   ef 74 16 8b 47 2c 25 ff 03 00 00 3d 00 02 00 00
0x00007ffd678677fe:   75 07 ff c6 83 fe 03 7c c9 48 8b d7 48 8b cb e8
0x00007ffd6786780e:   ae 70 00 00 84 c0 74 14 48 83 7d 10 00 74 05 48
0x00007ffd6786781e:   3b fd 75 08 48 89 6b 10 48 89 7b 18 48 8b 6c 24
0x00007ffd6786782e:   30 48 8b c3 48 8b 5c 24 38 48 8b 74 24 40 48 83
0x00007ffd6786783e:   c4 20 5f c3 48 8b 74 24 40 48 8b c3 48 8b 5c 24
0x00007ffd6786784e:   38 48 83 c4 20 5f c3 cc cc cc cc cc cc cc cc cc
0x00007ffd6786785e:   cc cc 48 89 5c 24 08 48 89 6c 24 10 48 89 74 24
0x00007ffd6786786e:   18 57 48 83 ec 30 48 89 11 33 ed 4c 8b 42 10 48 


Stack slot to memory mapping:
stack at sp + 0 slots: 0x000002188613f058 points into unknown readable memory: 0x00007ffd67a3c288 | 88 c2 a3 67 fd 7f 00 00
stack at sp + 1 slots: 0x000000719effb260 is pointing into the stack for thread: 0x0000021884e01720
stack at sp + 2 slots: 0x000000719effae00 is pointing into the stack for thread: 0x0000021884e01720
stack at sp + 3 slots: 0x0 is NULL
stack at sp + 4 slots: 0x0 is NULL
stack at sp + 5 slots: 0x00007ffd6786860d jvm.dll
stack at sp + 6 slots: 0x000000719effb260 is pointing into the stack for thread: 0x0000021884e01720
stack at sp + 7 slots: 0x000000719effb260 is pointing into the stack for thread: 0x0000021884e01720


---------------  P R O C E S S  ---------------

Threads class SMR info:
_java_thread_list=0x0000021884e03580, length=21, elements={
0x00000218e1d65520, 0x000002188421fb50, 0x0000021884220630, 0x000002188423b750,
0x000002188423e020, 0x000002188423f9f0, 0x00000218842406e0, 0x00000218842418f0,
0x000002188424d800, 0x0000021884c62760, 0x0000021884cebaa0, 0x0000021884cedf80,
0x0000021884d438a0, 0x0000021884d43d70, 0x0000021884cfb450, 0x0000021884cfb920,
0x0000021884cfcf00, 0x0000021884cfdd60, 0x0000021884cff050, 0x0000021884e01720,
0x0000021884e02e70
}

Java Threads: ( => current thread )
  0x00000218e1d65520 JavaThread "main" [_thread_in_Java, id=4936, stack(0x000000719d500000,0x000000719d600000)]
  0x000002188421fb50 JavaThread "Reference Handler" daemon [_thread_blocked, id=7380, stack(0x000000719dc00000,0x000000719dd00000)]
  0x0000021884220630 JavaThread "Finalizer" daemon [_thread_blocked, id=3056, stack(0x000000719dd00000,0x000000719de00000)]
  0x000002188423b750 JavaThread "Signal Dispatcher" daemon [_thread_blocked, id=8368, stack(0x000000719de00000,0x000000719df00000)]
  0x000002188423e020 JavaThread "Attach Listener" daemon [_thread_blocked, id=7612, stack(0x000000719df00000,0x000000719e000000)]
  0x000002188423f9f0 JavaThread "Service Thread" daemon [_thread_blocked, id=8492, stack(0x000000719e000000,0x000000719e100000)]
  0x00000218842406e0 JavaThread "C2 CompilerThread0" daemon [_thread_blocked, id=5932, stack(0x000000719e100000,0x000000719e200000)]
  0x00000218842418f0 JavaThread "C1 CompilerThread0" daemon [_thread_in_native, id=10296, stack(0x000000719e200000,0x000000719e300000)]
  0x000002188424d800 JavaThread "Sweeper thread" daemon [_thread_blocked, id=11916, stack(0x000000719e300000,0x000000719e400000)]
  0x0000021884c62760 JavaThread "Common-Cleaner" daemon [_thread_blocked, id=7868, stack(0x000000719e400000,0x000000719e500000)]
  0x0000021884cebaa0 JavaThread "Monitor Ctrl-Break" daemon [_thread_in_native, id=13060, stack(0x000000719e500000,0x000000719e600000)]
  0x0000021884cedf80 JavaThread "Notification Thread" daemon [_thread_blocked, id=8044, stack(0x000000719e600000,0x000000719e700000)]
  0x0000021884d438a0 JavaThread "ForkJoinPool.commonPool-worker-3" daemon [_thread_blocked, id=11992, stack(0x000000719e800000,0x000000719e900000)]
  0x0000021884d43d70 JavaThread "ForkJoinPool.commonPool-worker-5" daemon [_thread_blocked, id=11580, stack(0x000000719e900000,0x000000719ea00000)]
  0x0000021884cfb450 JavaThread "ForkJoinPool.commonPool-worker-7" daemon [_thread_blocked, id=6732, stack(0x000000719ea00000,0x000000719eb00000)]
  0x0000021884cfb920 JavaThread "ForkJoinPool.commonPool-worker-9" daemon [_thread_blocked, id=13084, stack(0x000000719eb00000,0x000000719ec00000)]
  0x0000021884cfcf00 JavaThread "ForkJoinPool.commonPool-worker-13" daemon [_thread_blocked, id=12720, stack(0x000000719ec00000,0x000000719ed00000)]
  0x0000021884cfdd60 JavaThread "ForkJoinPool.commonPool-worker-11" daemon [_thread_blocked, id=4848, stack(0x000000719ed00000,0x000000719ee00000)]
  0x0000021884cff050 JavaThread "ForkJoinPool.commonPool-worker-15" daemon [_thread_blocked, id=6456, stack(0x000000719ee00000,0x000000719ef00000)]
=>0x0000021884e01720 JavaThread "C2 CompilerThread1" daemon [_thread_in_native, id=9836, stack(0x000000719ef00000,0x000000719f000000)]
  0x0000021884e02e70 JavaThread "C2 CompilerThread2" daemon [_thread_blocked, id=12380, stack(0x000000719f000000,0x000000719f100000)]

Other Threads:
  0x000002188421d3b0 VMThread "VM Thread" [stack: 0x000000719db00000,0x000000719dc00000] [id=8680]
  0x0000021884ceece0 WatcherThread [stack: 0x000000719e700000,0x000000719e800000] [id=11372]
  0x00000218e1dab4f0 GCTaskThread "GC Thread#0" [stack: 0x000000719d600000,0x000000719d700000] [id=10664]
  0x0000021884ddbdb0 GCTaskThread "GC Thread#1" [stack: 0x000000719f100000,0x000000719f200000] [id=2924]
  0x0000021884ddc410 GCTaskThread "GC Thread#2" [stack: 0x000000719f200000,0x000000719f300000] [id=12808]
  0x0000021884ddb0f0 GCTaskThread "GC Thread#3" [stack: 0x000000719f300000,0x000000719f400000] [id=11704]
  0x0000021884ddd400 GCTaskThread "GC Thread#4" [stack: 0x000000719f400000,0x000000719f500000] [id=11296]
  0x00000218e1dba4e0 ConcurrentGCThread "G1 Main Marker" [stack: 0x000000719d700000,0x000000719d800000] [id=7944]
  0x00000218e1dbb960 ConcurrentGCThread "G1 Conc#0" [stack: 0x000000719d800000,0x000000719d900000] [id=11752]
  0x00000218e1e2e870 ConcurrentGCThread "G1 Refine#0" [stack: 0x000000719d900000,0x000000719da00000] [id=7048]
  0x0000021884096600 ConcurrentGCThread "G1 Young RemSet Sampling" [stack: 0x000000719da00000,0x000000719db00000] [id=7592]

Threads with active compile tasks:
C2 CompilerThread0      670  512       4       java.util.ArrayList::elementAt (4 bytes)
C1 CompilerThread0      671  498   !   3       java.nio.charset.CharsetEncoder::encode (285 bytes)
C2 CompilerThread1      671  415 %     4       java.util.stream.Streams$RangeIntSpliterator::forEachRemaining @ 34 (65 bytes)
C2 CompilerThread2      671  513       4       java.lang.StringLatin1::inflate (34 bytes)

VM state: not at safepoint (normal execution)

VM Mutex/Monitor currently owned by a thread:  ([mutex/lock_event])
[0x00000218e1d5e2a0] CodeCache_lock - owner thread: 0x00000218842418f0
[0x00000218e1d60780] Compile_lock - owner thread: 0x0000000000000000

Heap address: 0x0000000720e00000, size: 3570 MB, Compressed Oops mode: Zero based, Oop shift amount: 3
CDS archive(s) mapped at: [0x0000000800000000-0x0000000800b50000-0x0000000800b50000), size 11862016, SharedBaseAddress: 0x0000000800000000, ArchiveRelocationMode: 0.
Compressed class space mapped at: 0x0000000800b50000-0x0000000840b50000, size: 1073741824
Narrow klass base: 0x0000000800000000, Narrow klass shift: 3, Narrow klass range: 0x100000000

GC Precious Log:
 CPUs: 8 total, 8 available
 Memory: 14274M
 Large Page Support: Disabled
 NUMA Support: Disabled
 Compressed Oops: Enabled (Zero based)
 Heap Region Size: 2M
 Heap Min Capacity: 8M
 Heap Initial Capacity: 224M
 Heap Max Capacity: 3570M
 Pre-touch: Disabled
 Parallel Workers: 8
 Concurrent Workers: 2
 Concurrent Refinement Workers: 8
 Periodic GC: Disabled

Heap:
 garbage-first heap   total 280576K, used 83761K [0x0000000720e00000, 0x0000000800000000)
  region size 2048K, 42 young (86016K), 2 survivors (4096K)
 Metaspace       used 1175K, capacity 4618K, committed 4864K, reserved 1056768K
  class space    used 118K, capacity 430K, committed 512K, reserved 1048576K

Heap Regions: E=young(eden), S=young(survivor), O=old, HS=humongous(starts), HC=humongous(continues), CS=collection set, F=free, OA=open archive, CA=closed archive, TAMS=top-at-mark-start (previous, next)
|   0|0x0000000720e00000, 0x0000000720e00000, 0x0000000721000000|  0%| F|  |TAMS 0x0000000720e00000, 0x0000000720e00000| Untracked 
|   1|0x0000000721000000, 0x0000000721000000, 0x0000000721200000|  0%| F|  |TAMS 0x0000000721000000, 0x0000000721000000| Untracked 
|   2|0x0000000721200000, 0x0000000721200000, 0x0000000721400000|  0%| F|  |TAMS 0x0000000721200000, 0x0000000721200000| Untracked 
|   3|0x0000000721400000, 0x0000000721400000, 0x0000000721600000|  0%| F|  |TAMS 0x0000000721400000, 0x0000000721400000| Untracked 
|   4|0x0000000721600000, 0x0000000721600000, 0x0000000721800000|  0%| F|  |TAMS 0x0000000721600000, 0x0000000721600000| Untracked 
|   5|0x0000000721800000, 0x0000000721800000, 0x0000000721a00000|  0%| F|  |TAMS 0x0000000721800000, 0x0000000721800000| Untracked 
|   6|0x0000000721a00000, 0x0000000721a00000, 0x0000000721c00000|  0%| F|  |TAMS 0x0000000721a00000, 0x0000000721a00000| Untracked 
|   7|0x0000000721c00000, 0x0000000721c00000, 0x0000000721e00000|  0%| F|  |TAMS 0x0000000721c00000, 0x0000000721c00000| Untracked 
|   8|0x0000000721e00000, 0x0000000721e00000, 0x0000000722000000|  0%| F|  |TAMS 0x0000000721e00000, 0x0000000721e00000| Untracked 
|   9|0x0000000722000000, 0x0000000722000000, 0x0000000722200000|  0%| F|  |TAMS 0x0000000722000000, 0x0000000722000000| Untracked 
|  10|0x0000000722200000, 0x0000000722200000, 0x0000000722400000|  0%| F|  |TAMS 0x0000000722200000, 0x0000000722200000| Untracked 
|  11|0x0000000722400000, 0x0000000722400000, 0x0000000722600000|  0%| F|  |TAMS 0x0000000722400000, 0x0000000722400000| Untracked 
|  12|0x0000000722600000, 0x0000000722600000, 0x0000000722800000|  0%| F|  |TAMS 0x0000000722600000, 0x0000000722600000| Untracked 
|  13|0x0000000722800000, 0x0000000722800000, 0x0000000722a00000|  0%| F|  |TAMS 0x0000000722800000, 0x0000000722800000| Untracked 
|  14|0x0000000722a00000, 0x0000000722a00000, 0x0000000722c00000|  0%| F|  |TAMS 0x0000000722a00000, 0x0000000722a00000| Untracked 
|  15|0x0000000722c00000, 0x0000000722c00000, 0x0000000722e00000|  0%| F|  |TAMS 0x0000000722c00000, 0x0000000722c00000| Untracked 
|  16|0x0000000722e00000, 0x0000000722e00000, 0x0000000723000000|  0%| F|  |TAMS 0x0000000722e00000, 0x0000000722e00000| Untracked 
|  17|0x0000000723000000, 0x0000000723000000, 0x0000000723200000|  0%| F|  |TAMS 0x0000000723000000, 0x0000000723000000| Untracked 
|  18|0x0000000723200000, 0x0000000723200000, 0x0000000723400000|  0%| F|  |TAMS 0x0000000723200000, 0x0000000723200000| Untracked 
|  19|0x0000000723400000, 0x0000000723400000, 0x0000000723600000|  0%| F|  |TAMS 0x0000000723400000, 0x0000000723400000| Untracked 
|  20|0x0000000723600000, 0x0000000723600000, 0x0000000723800000|  0%| F|  |TAMS 0x0000000723600000, 0x0000000723600000| Untracked 
|  21|0x0000000723800000, 0x0000000723800000, 0x0000000723a00000|  0%| F|  |TAMS 0x0000000723800000, 0x0000000723800000| Untracked 
|  22|0x0000000723a00000, 0x0000000723a00000, 0x0000000723c00000|  0%| F|  |TAMS 0x0000000723a00000, 0x0000000723a00000| Untracked 
|  23|0x0000000723c00000, 0x0000000723c00000, 0x0000000723e00000|  0%| F|  |TAMS 0x0000000723c00000, 0x0000000723c00000| Untracked 
|  24|0x0000000723e00000, 0x0000000723e00000, 0x0000000724000000|  0%| F|  |TAMS 0x0000000723e00000, 0x0000000723e00000| Untracked 
|  25|0x0000000724000000, 0x0000000724000000, 0x0000000724200000|  0%| F|  |TAMS 0x0000000724000000, 0x0000000724000000| Untracked 
|  26|0x0000000724200000, 0x0000000724200000, 0x0000000724400000|  0%| F|  |TAMS 0x0000000724200000, 0x0000000724200000| Untracked 
|  27|0x0000000724400000, 0x0000000724400000, 0x0000000724600000|  0%| F|  |TAMS 0x0000000724400000, 0x0000000724400000| Untracked 
|  28|0x0000000724600000, 0x0000000724600000, 0x0000000724800000|  0%| F|  |TAMS 0x0000000724600000, 0x0000000724600000| Untracked 
|  29|0x0000000724800000, 0x0000000724800000, 0x0000000724a00000|  0%| F|  |TAMS 0x0000000724800000, 0x0000000724800000| Untracked 
|  30|0x0000000724a00000, 0x0000000724a00000, 0x0000000724c00000|  0%| F|  |TAMS 0x0000000724a00000, 0x0000000724a00000| Untracked 
|  31|0x0000000724c00000, 0x0000000724c00000, 0x0000000724e00000|  0%| F|  |TAMS 0x0000000724c00000, 0x0000000724c00000| Untracked 
|  32|0x0000000724e00000, 0x0000000724e00000, 0x0000000725000000|  0%| F|  |TAMS 0x0000000724e00000, 0x0000000724e00000| Untracked 
|  33|0x0000000725000000, 0x0000000725000000, 0x0000000725200000|  0%| F|  |TAMS 0x0000000725000000, 0x0000000725000000| Untracked 
|  34|0x0000000725200000, 0x0000000725200000, 0x0000000725400000|  0%| F|  |TAMS 0x0000000725200000, 0x0000000725200000| Untracked 
|  35|0x0000000725400000, 0x0000000725400000, 0x0000000725600000|  0%| F|  |TAMS 0x0000000725400000, 0x0000000725400000| Untracked 
|  36|0x0000000725600000, 0x0000000725600000, 0x0000000725800000|  0%| F|  |TAMS 0x0000000725600000, 0x0000000725600000| Untracked 
|  37|0x0000000725800000, 0x0000000725800000, 0x0000000725a00000|  0%| F|  |TAMS 0x0000000725800000, 0x0000000725800000| Untracked 
|  38|0x0000000725a00000, 0x0000000725a00000, 0x0000000725c00000|  0%| F|  |TAMS 0x0000000725a00000, 0x0000000725a00000| Untracked 
|  39|0x0000000725c00000, 0x0000000725c00000, 0x0000000725e00000|  0%| F|  |TAMS 0x0000000725c00000, 0x0000000725c00000| Untracked 
|  40|0x0000000725e00000, 0x0000000725e00000, 0x0000000726000000|  0%| F|  |TAMS 0x0000000725e00000, 0x0000000725e00000| Untracked 
|  41|0x0000000726000000, 0x0000000726000000, 0x0000000726200000|  0%| F|  |TAMS 0x0000000726000000, 0x0000000726000000| Untracked 
|  42|0x0000000726200000, 0x0000000726200000, 0x0000000726400000|  0%| F|  |TAMS 0x0000000726200000, 0x0000000726200000| Untracked 
|  43|0x0000000726400000, 0x00000007265cc4d8, 0x0000000726600000| 89%| S|CS|TAMS 0x0000000726400000, 0x0000000726400000| Complete 
|  44|0x0000000726600000, 0x0000000726800000, 0x0000000726800000|100%| S|CS|TAMS 0x0000000726600000, 0x0000000726600000| Complete 
|  45|0x0000000726800000, 0x0000000726800000, 0x0000000726a00000|  0%| F|  |TAMS 0x0000000726800000, 0x0000000726800000| Untracked 
|  46|0x0000000726a00000, 0x0000000726a00000, 0x0000000726c00000|  0%| F|  |TAMS 0x0000000726a00000, 0x0000000726a00000| Untracked 
|  47|0x0000000726c00000, 0x0000000726c00000, 0x0000000726e00000|  0%| F|  |TAMS 0x0000000726c00000, 0x0000000726c00000| Untracked 
|  48|0x0000000726e00000, 0x0000000726e00000, 0x0000000727000000|  0%| F|  |TAMS 0x0000000726e00000, 0x0000000726e00000| Untracked 
|  49|0x0000000727000000, 0x0000000727000000, 0x0000000727200000|  0%| F|  |TAMS 0x0000000727000000, 0x0000000727000000| Untracked 
|  50|0x0000000727200000, 0x0000000727200000, 0x0000000727400000|  0%| F|  |TAMS 0x0000000727200000, 0x0000000727200000| Untracked 
|  51|0x0000000727400000, 0x0000000727400000, 0x0000000727600000|  0%| F|  |TAMS 0x0000000727400000, 0x0000000727400000| Untracked 
|  52|0x0000000727600000, 0x0000000727600000, 0x0000000727800000|  0%| F|  |TAMS 0x0000000727600000, 0x0000000727600000| Untracked 
|  53|0x0000000727800000, 0x0000000727800000, 0x0000000727a00000|  0%| F|  |TAMS 0x0000000727800000, 0x0000000727800000| Untracked 
|  54|0x0000000727a00000, 0x0000000727a00000, 0x0000000727c00000|  0%| F|  |TAMS 0x0000000727a00000, 0x0000000727a00000| Untracked 
|  55|0x0000000727c00000, 0x0000000727c00000, 0x0000000727e00000|  0%| F|  |TAMS 0x0000000727c00000, 0x0000000727c00000| Untracked 
|  56|0x0000000727e00000, 0x0000000727e00000, 0x0000000728000000|  0%| F|  |TAMS 0x0000000727e00000, 0x0000000727e00000| Untracked 
|  57|0x0000000728000000, 0x0000000728000000, 0x0000000728200000|  0%| F|  |TAMS 0x0000000728000000, 0x0000000728000000| Untracked 
|  58|0x0000000728200000, 0x0000000728200000, 0x0000000728400000|  0%| F|  |TAMS 0x0000000728200000, 0x0000000728200000| Untracked 
|  59|0x0000000728400000, 0x0000000728400000, 0x0000000728600000|  0%| F|  |TAMS 0x0000000728400000, 0x0000000728400000| Untracked 
|  60|0x0000000728600000, 0x0000000728600000, 0x0000000728800000|  0%| F|  |TAMS 0x0000000728600000, 0x0000000728600000| Untracked 
|  61|0x0000000728800000, 0x0000000728800000, 0x0000000728a00000|  0%| F|  |TAMS 0x0000000728800000, 0x0000000728800000| Untracked 
|  62|0x0000000728a00000, 0x0000000728a00000, 0x0000000728c00000|  0%| F|  |TAMS 0x0000000728a00000, 0x0000000728a00000| Untracked 
|  63|0x0000000728c00000, 0x0000000728c00000, 0x0000000728e00000|  0%| F|  |TAMS 0x0000000728c00000, 0x0000000728c00000| Untracked 
|  64|0x0000000728e00000, 0x0000000728e00000, 0x0000000729000000|  0%| F|  |TAMS 0x0000000728e00000, 0x0000000728e00000| Untracked 
|  65|0x0000000729000000, 0x0000000729000000, 0x0000000729200000|  0%| F|  |TAMS 0x0000000729000000, 0x0000000729000000| Untracked 
|  66|0x0000000729200000, 0x0000000729200000, 0x0000000729400000|  0%| F|  |TAMS 0x0000000729200000, 0x0000000729200000| Untracked 
|  67|0x0000000729400000, 0x0000000729400000, 0x0000000729600000|  0%| F|  |TAMS 0x0000000729400000, 0x0000000729400000| Untracked 
|  68|0x0000000729600000, 0x0000000729600000, 0x0000000729800000|  0%| F|  |TAMS 0x0000000729600000, 0x0000000729600000| Untracked 
|  69|0x0000000729800000, 0x0000000729800000, 0x0000000729a00000|  0%| F|  |TAMS 0x0000000729800000, 0x0000000729800000| Untracked 
|  70|0x0000000729a00000, 0x0000000729a00000, 0x0000000729c00000|  0%| F|  |TAMS 0x0000000729a00000, 0x0000000729a00000| Untracked 
|  71|0x0000000729c00000, 0x0000000729c00000, 0x0000000729e00000|  0%| F|  |TAMS 0x0000000729c00000, 0x0000000729c00000| Untracked 
|  72|0x0000000729e00000, 0x0000000729e00000, 0x000000072a000000|  0%| F|  |TAMS 0x0000000729e00000, 0x0000000729e00000| Untracked 
|  73|0x000000072a000000, 0x000000072a000000, 0x000000072a200000|  0%| F|  |TAMS 0x000000072a000000, 0x000000072a000000| Untracked 
|  74|0x000000072a200000, 0x000000072a200000, 0x000000072a400000|  0%| F|  |TAMS 0x000000072a200000, 0x000000072a200000| Untracked 
|  75|0x000000072a400000, 0x000000072a400000, 0x000000072a600000|  0%| F|  |TAMS 0x000000072a400000, 0x000000072a400000| Untracked 
|  76|0x000000072a600000, 0x000000072a600000, 0x000000072a800000|  0%| F|  |TAMS 0x000000072a600000, 0x000000072a600000| Untracked 
|  77|0x000000072a800000, 0x000000072a800000, 0x000000072aa00000|  0%| F|  |TAMS 0x000000072a800000, 0x000000072a800000| Untracked 
|  78|0x000000072aa00000, 0x000000072aa00000, 0x000000072ac00000|  0%| F|  |TAMS 0x000000072aa00000, 0x000000072aa00000| Untracked 
|  79|0x000000072ac00000, 0x000000072ac00000, 0x000000072ae00000|  0%| F|  |TAMS 0x000000072ac00000, 0x000000072ac00000| Untracked 
|  80|0x000000072ae00000, 0x000000072ae00000, 0x000000072b000000|  0%| F|  |TAMS 0x000000072ae00000, 0x000000072ae00000| Untracked 
|  81|0x000000072b000000, 0x000000072b000000, 0x000000072b200000|  0%| F|  |TAMS 0x000000072b000000, 0x000000072b000000| Untracked 
|  82|0x000000072b200000, 0x000000072b200000, 0x000000072b400000|  0%| F|  |TAMS 0x000000072b200000, 0x000000072b200000| Untracked 
|  83|0x000000072b400000, 0x000000072b400000, 0x000000072b600000|  0%| F|  |TAMS 0x000000072b400000, 0x000000072b400000| Untracked 
|  84|0x000000072b600000, 0x000000072b600000, 0x000000072b800000|  0%| F|  |TAMS 0x000000072b600000, 0x000000072b600000| Untracked 
|  85|0x000000072b800000, 0x000000072b800000, 0x000000072ba00000|  0%| F|  |TAMS 0x000000072b800000, 0x000000072b800000| Untracked 
|  86|0x000000072ba00000, 0x000000072ba00000, 0x000000072bc00000|  0%| F|  |TAMS 0x000000072ba00000, 0x000000072ba00000| Untracked 
|  87|0x000000072bc00000, 0x000000072bc00000, 0x000000072be00000|  0%| F|  |TAMS 0x000000072bc00000, 0x000000072bc00000| Untracked 
|  88|0x000000072be00000, 0x000000072be00000, 0x000000072c000000|  0%| F|  |TAMS 0x000000072be00000, 0x000000072be00000| Untracked 
|  89|0x000000072c000000, 0x000000072c000000, 0x000000072c200000|  0%| F|  |TAMS 0x000000072c000000, 0x000000072c000000| Untracked 
|  90|0x000000072c200000, 0x000000072c200000, 0x000000072c400000|  0%| F|  |TAMS 0x000000072c200000, 0x000000072c200000| Untracked 
|  91|0x000000072c400000, 0x000000072c400000, 0x000000072c600000|  0%| F|  |TAMS 0x000000072c400000, 0x000000072c400000| Untracked 
|  92|0x000000072c600000, 0x000000072c600000, 0x000000072c800000|  0%| F|  |TAMS 0x000000072c600000, 0x000000072c600000| Untracked 
|  93|0x000000072c800000, 0x000000072c800000, 0x000000072ca00000|  0%| F|  |TAMS 0x000000072c800000, 0x000000072c800000| Untracked 
|  94|0x000000072ca00000, 0x000000072ca00000, 0x000000072cc00000|  0%| F|  |TAMS 0x000000072ca00000, 0x000000072ca00000| Untracked 
|  95|0x000000072cc00000, 0x000000072cc00000, 0x000000072ce00000|  0%| F|  |TAMS 0x000000072cc00000, 0x000000072cc00000| Untracked 
|  96|0x000000072ce00000, 0x000000072ce00000, 0x000000072d000000|  0%| F|  |TAMS 0x000000072ce00000, 0x000000072ce00000| Untracked 
|  97|0x000000072d000000, 0x000000072d0d66a0, 0x000000072d200000| 41%| E|  |TAMS 0x000000072d000000, 0x000000072d000000| Complete 
|  98|0x000000072d200000, 0x000000072d400000, 0x000000072d400000|100%| E|CS|TAMS 0x000000072d200000, 0x000000072d200000| Complete 
|  99|0x000000072d400000, 0x000000072d600000, 0x000000072d600000|100%| E|CS|TAMS 0x000000072d400000, 0x000000072d400000| Complete 
| 100|0x000000072d600000, 0x000000072d800000, 0x000000072d800000|100%| E|CS|TAMS 0x000000072d600000, 0x000000072d600000| Complete 
| 101|0x000000072d800000, 0x000000072da00000, 0x000000072da00000|100%| E|CS|TAMS 0x000000072d800000, 0x000000072d800000| Complete 
| 102|0x000000072da00000, 0x000000072dc00000, 0x000000072dc00000|100%| E|CS|TAMS 0x000000072da00000, 0x000000072da00000| Complete 
| 103|0x000000072dc00000, 0x000000072de00000, 0x000000072de00000|100%| E|CS|TAMS 0x000000072dc00000, 0x000000072dc00000| Complete 
| 104|0x000000072de00000, 0x000000072e000000, 0x000000072e000000|100%| E|CS|TAMS 0x000000072de00000, 0x000000072de00000| Complete 
| 105|0x000000072e000000, 0x000000072e200000, 0x000000072e200000|100%| E|CS|TAMS 0x000000072e000000, 0x000000072e000000| Complete 
| 106|0x000000072e200000, 0x000000072e400000, 0x000000072e400000|100%| E|CS|TAMS 0x000000072e200000, 0x000000072e200000| Complete 
| 107|0x000000072e400000, 0x000000072e600000, 0x000000072e600000|100%| E|CS|TAMS 0x000000072e400000, 0x000000072e400000| Complete 
| 108|0x000000072e600000, 0x000000072e800000, 0x000000072e800000|100%| E|CS|TAMS 0x000000072e600000, 0x000000072e600000| Complete 
| 109|0x000000072e800000, 0x000000072ea00000, 0x000000072ea00000|100%| E|CS|TAMS 0x000000072e800000, 0x000000072e800000| Complete 
| 110|0x000000072ea00000, 0x000000072ec00000, 0x000000072ec00000|100%| E|CS|TAMS 0x000000072ea00000, 0x000000072ea00000| Complete 
| 111|0x000000072ec00000, 0x000000072ee00000, 0x000000072ee00000|100%| E|CS|TAMS 0x000000072ec00000, 0x000000072ec00000| Complete 
| 112|0x000000072ee00000, 0x000000072f000000, 0x000000072f000000|100%| E|CS|TAMS 0x000000072ee00000, 0x000000072ee00000| Complete 
| 113|0x000000072f000000, 0x000000072f200000, 0x000000072f200000|100%| E|CS|TAMS 0x000000072f000000, 0x000000072f000000| Complete 
| 114|0x000000072f200000, 0x000000072f400000, 0x000000072f400000|100%| E|CS|TAMS 0x000000072f200000, 0x000000072f200000| Complete 
| 115|0x000000072f400000, 0x000000072f600000, 0x000000072f600000|100%| E|CS|TAMS 0x000000072f400000, 0x000000072f400000| Complete 
| 116|0x000000072f600000, 0x000000072f800000, 0x000000072f800000|100%| E|CS|TAMS 0x000000072f600000, 0x000000072f600000| Complete 
| 117|0x000000072f800000, 0x000000072fa00000, 0x000000072fa00000|100%| E|CS|TAMS 0x000000072f800000, 0x000000072f800000| Complete 
| 118|0x000000072fa00000, 0x000000072fc00000, 0x000000072fc00000|100%| E|CS|TAMS 0x000000072fa00000, 0x000000072fa00000| Complete 
| 119|0x000000072fc00000, 0x000000072fe00000, 0x000000072fe00000|100%| E|CS|TAMS 0x000000072fc00000, 0x000000072fc00000| Complete 
| 120|0x000000072fe00000, 0x0000000730000000, 0x0000000730000000|100%| E|CS|TAMS 0x000000072fe00000, 0x000000072fe00000| Complete 
| 121|0x0000000730000000, 0x0000000730200000, 0x0000000730200000|100%| E|CS|TAMS 0x0000000730000000, 0x0000000730000000| Complete 
| 122|0x0000000730200000, 0x0000000730400000, 0x0000000730400000|100%| E|CS|TAMS 0x0000000730200000, 0x0000000730200000| Complete 
| 123|0x0000000730400000, 0x0000000730600000, 0x0000000730600000|100%| E|CS|TAMS 0x0000000730400000, 0x0000000730400000| Complete 
| 124|0x0000000730600000, 0x0000000730800000, 0x0000000730800000|100%| E|CS|TAMS 0x0000000730600000, 0x0000000730600000| Complete 
| 125|0x0000000730800000, 0x0000000730a00000, 0x0000000730a00000|100%| E|CS|TAMS 0x0000000730800000, 0x0000000730800000| Complete 
| 126|0x0000000730a00000, 0x0000000730c00000, 0x0000000730c00000|100%| E|CS|TAMS 0x0000000730a00000, 0x0000000730a00000| Complete 
| 127|0x0000000730c00000, 0x0000000730e00000, 0x0000000730e00000|100%| E|CS|TAMS 0x0000000730c00000, 0x0000000730c00000| Complete 
| 128|0x0000000730e00000, 0x0000000731000000, 0x0000000731000000|100%| E|CS|TAMS 0x0000000730e00000, 0x0000000730e00000| Complete 
| 129|0x0000000731000000, 0x0000000731200000, 0x0000000731200000|100%| E|CS|TAMS 0x0000000731000000, 0x0000000731000000| Complete 
| 130|0x0000000731200000, 0x0000000731400000, 0x0000000731400000|100%| E|CS|TAMS 0x0000000731200000, 0x0000000731200000| Complete 
| 131|0x0000000731400000, 0x0000000731600000, 0x0000000731600000|100%| E|CS|TAMS 0x0000000731400000, 0x0000000731400000| Complete 
| 132|0x0000000731600000, 0x0000000731800000, 0x0000000731800000|100%| E|CS|TAMS 0x0000000731600000, 0x0000000731600000| Complete 
| 133|0x0000000731800000, 0x0000000731a00000, 0x0000000731a00000|100%| E|CS|TAMS 0x0000000731800000, 0x0000000731800000| Complete 
| 134|0x0000000731a00000, 0x0000000731c00000, 0x0000000731c00000|100%| E|CS|TAMS 0x0000000731a00000, 0x0000000731a00000| Complete 
| 135|0x0000000731c00000, 0x0000000731e00000, 0x0000000731e00000|100%| E|CS|TAMS 0x0000000731c00000, 0x0000000731c00000| Complete 
| 136|0x0000000731e00000, 0x0000000732000000, 0x0000000732000000|100%| E|CS|TAMS 0x0000000731e00000, 0x0000000731e00000| Complete 

Card table byte_map: [0x00000218f99c0000,0x00000218fa0c0000] _byte_map_base: 0x00000218f60b9000

Marking Bits (Prev, Next): (CMBitMap*) 0x00000218e1dabb70, (CMBitMap*) 0x00000218e1dabbb0
 Prev Bits: [0x00000218fa7c0000, 0x00000218fdf88000)
 Next Bits: [0x0000021880000000, 0x00000218837c8000)

Polling page: 0x00000218dfc20000

Metaspace:

Usage:
  Non-class:      4.09 MB capacity,     1.03 MB ( 25%) used,     3.06 MB ( 75%) free+waste,     1.13 KB ( <1%) overhead. 
      Class:    430.00 KB capacity,   118.90 KB ( 28%) used,   310.35 KB ( 72%) free+waste,   768 bytes ( <1%) overhead. 
       Both:      4.51 MB capacity,     1.15 MB ( 25%) used,     3.36 MB ( 75%) free+waste,     1.88 KB ( <1%) overhead. 

Virtual space:
  Non-class space:        8.00 MB reserved,       4.25 MB ( 53%) committed 
      Class space:        1.00 GB reserved,     512.00 KB ( <1%) committed 
             Both:        1.01 GB reserved,       4.75 MB ( <1%) committed 

Chunk freelists:
   Non-Class:  36.00 KB
       Class:  18.00 KB
        Both:  54.00 KB

MaxMetaspaceSize: 17179869184.00 GB
CompressedClassSpaceSize: 1.00 GB

CodeHeap 'non-profiled nmethods': size=120000Kb used=235Kb max_used=235Kb free=119764Kb
 bounds [0x00000218f1a60000, 0x00000218f1cd0000, 0x00000218f8f90000]
CodeHeap 'profiled nmethods': size=120000Kb used=585Kb max_used=585Kb free=119414Kb
 bounds [0x00000218ea530000, 0x00000218ea7a0000, 0x00000218f1a60000]
CodeHeap 'non-nmethods': size=5760Kb used=1130Kb max_used=1161Kb free=4629Kb
 bounds [0x00000218e9f90000, 0x00000218ea200000, 0x00000218ea530000]
 total_blobs=886 nmethods=510 adapters=289
 compilation: enabled
              stopped_count=0, restarted_count=0
 full_count=0

Compilation events (20 events):
Event: 0.538 Thread 0x00000218842418f0  430       2       java.util.Arrays::copyOf (10 bytes)
Event: 0.539 Thread 0x00000218842418f0 nmethod 430 0x00000218ea59fd90 code [0x00000218ea59ff20, 0x00000218ea5a0028]
Event: 0.541 Thread 0x00000218842418f0  431       2       java.lang.Class::cast (27 bytes)
Event: 0.541 Thread 0x00000218842418f0 nmethod 431 0x00000218ea5a0110 code [0x00000218ea5a02c0, 0x00000218ea5a04d8]
Event: 0.549 Thread 0x0000021884e02e70 nmethod 361 0x00000218f1a88c10 code [0x00000218f1a88e00, 0x00000218f1a89558]
Event: 0.549 Thread 0x0000021884e02e70  372       4       java.util.stream.StreamOpFlag::isKnown (19 bytes)
Event: 0.550 Thread 0x0000021884e02e70 nmethod 372 0x00000218f1a89a10 code [0x00000218f1a89b80, 0x00000218f1a89bf8]
Event: 0.550 Thread 0x0000021884e02e70  421       4       java.lang.Integer::getChars (131 bytes)
Event: 0.551 Thread 0x0000021884e02e70 nmethod 421 0x00000218f1a89d10 code [0x00000218f1a89ea0, 0x00000218f1a89fb8]
Event: 0.551 Thread 0x0000021884e02e70  379       4       java.util.stream.ReduceOps$5ReducingSink::get (5 bytes)
Event: 0.553 Thread 0x0000021884e02e70 nmethod 379 0x00000218f1a8a110 code [0x00000218f1a8a280, 0x00000218f1a8a318]
Event: 0.553 Thread 0x0000021884e02e70  363       4       java.util.stream.AbstractPipeline::wrapAndCopyInto (18 bytes)
Event: 0.560 Thread 0x00000218842406e0 nmethod 364 0x00000218f1a8a410 code [0x00000218f1a8a620, 0x00000218f1a8aeb8]
Event: 0.560 Thread 0x00000218842406e0  391       4       java.lang.Integer::valueOf (32 bytes)
Event: 0.561 Thread 0x00000218842406e0 nmethod 391 0x00000218f1a8b510 code [0x00000218f1a8b680, 0x00000218f1a8b6f8]
Event: 0.561 Thread 0x00000218842406e0  407       4       ru.dilgrop.java.luckytickets.generator.SimpleTicketGenerator$$Lambda$16/0x0000000800bb1a60::test (12 bytes)
Event: 0.563 Thread 0x00000218842418f0  432       2       java.util.ArrayList::grow (60 bytes)
Event: 0.564 Thread 0x00000218842418f0 nmethod 432 0x00000218ea5a0610 code [0x00000218ea5a07e0, 0x00000218ea5a0bf8]
Event: 0.564 Thread 0x00000218842418f0  433       1       java.lang.invoke.VarHandle::isDirect (2 bytes)
Event: 0.564 Thread 0x00000218842418f0 nmethod 433 0x00000218f1a8b810 code [0x00000218f1a8b9a0, 0x00000218f1a8ba58]

GC Heap History (8 events):
Event: 0.319 GC heap before
{Heap before GC invocations=0 (full 0):
 garbage-first heap   total 229376K, used 22528K [0x0000000720e00000, 0x0000000800000000)
  region size 2048K, 11 young (22528K), 0 survivors (0K)
 Metaspace       used 1108K, capacity 4618K, committed 4864K, reserved 1056768K
  class space    used 118K, capacity 430K, committed 512K, reserved 1048576K
}
Event: 0.322 GC heap after
{Heap after GC invocations=1 (full 0):
 garbage-first heap   total 229376K, used 1281K [0x0000000720e00000, 0x0000000800000000)
  region size 2048K, 1 young (2048K), 1 survivors (2048K)
 Metaspace       used 1108K, capacity 4618K, committed 4864K, reserved 1056768K
  class space    used 118K, capacity 430K, committed 512K, reserved 1048576K
}
Event: 0.380 GC heap before
{Heap before GC invocations=1 (full 0):
 garbage-first heap   total 229376K, used 34049K [0x0000000720e00000, 0x0000000800000000)
  region size 2048K, 17 young (34816K), 1 survivors (2048K)
 Metaspace       used 1108K, capacity 4618K, committed 4864K, reserved 1056768K
  class space    used 118K, capacity 430K, committed 512K, reserved 1048576K
}
Event: 0.382 GC heap after
{Heap after GC invocations=2 (full 0):
 garbage-first heap   total 229376K, used 1542K [0x0000000720e00000, 0x0000000800000000)
  region size 2048K, 1 young (2048K), 1 survivors (2048K)
 Metaspace       used 1108K, capacity 4618K, committed 4864K, reserved 1056768K
  class space    used 118K, capacity 430K, committed 512K, reserved 1048576K
}
Event: 0.516 GC heap before
{Heap before GC invocations=2 (full 0):
 garbage-first heap   total 229376K, used 136710K [0x0000000720e00000, 0x0000000800000000)
  region size 2048K, 67 young (137216K), 1 survivors (2048K)
 Metaspace       used 1111K, capacity 4618K, committed 4864K, reserved 1056768K
  class space    used 118K, capacity 430K, committed 512K, reserved 1048576K
}
Event: 0.520 GC heap after
{Heap after GC invocations=3 (full 0):
 garbage-first heap   total 229376K, used 2232K [0x0000000720e00000, 0x0000000800000000)
  region size 2048K, 2 young (4096K), 2 survivors (4096K)
 Metaspace       used 1111K, capacity 4618K, committed 4864K, reserved 1056768K
  class space    used 118K, capacity 430K, committed 512K, reserved 1048576K
}
Event: 0.565 GC heap before
{Heap before GC invocations=3 (full 0):
 garbage-first heap   total 229376K, used 135352K [0x0000000720e00000, 0x0000000800000000)
  region size 2048K, 67 young (137216K), 2 survivors (4096K)
 Metaspace       used 1114K, capacity 4618K, committed 4864K, reserved 1056768K
  class space    used 118K, capacity 430K, committed 512K, reserved 1048576K
}
Event: 0.569 GC heap after
{Heap after GC invocations=4 (full 0):
 garbage-first heap   total 229376K, used 2950K [0x0000000720e00000, 0x0000000800000000)
  region size 2048K, 2 young (4096K), 2 survivors (4096K)
 Metaspace       used 1114K, capacity 4618K, committed 4864K, reserved 1056768K
  class space    used 118K, capacity 430K, committed 512K, reserved 1048576K
}

Deoptimization events (20 events):
Event: 0.536 Thread 0x0000021884cfdd60 DEOPT PACKING pc=0x00000218ea59ccab sp=0x000000719edfeb20
Event: 0.536 Thread 0x0000021884cfdd60 DEOPT UNPACKING pc=0x00000218e9fde23f sp=0x000000719edfe000 mode 0
Event: 0.540 Thread 0x0000021884cfcf00 DEOPT PACKING pc=0x00000218ea59ccab sp=0x000000719ecfebb0
Event: 0.540 Thread 0x0000021884cfcf00 DEOPT UNPACKING pc=0x00000218e9fde23f sp=0x000000719ecfe090 mode 0
Event: 0.544 Thread 0x0000021884cfdd60 DEOPT PACKING pc=0x00000218ea59ccab sp=0x000000719edfeb20
Event: 0.544 Thread 0x0000021884cfb450 DEOPT PACKING pc=0x00000218ea59ccab sp=0x000000719eafeac0
Event: 0.544 Thread 0x0000021884cfdd60 DEOPT UNPACKING pc=0x00000218e9fde23f sp=0x000000719edfe000 mode 0
Event: 0.544 Thread 0x0000021884cfb450 DEOPT UNPACKING pc=0x00000218e9fde23f sp=0x000000719eafdfa0 mode 0
Event: 0.547 Thread 0x0000021884cfcf00 DEOPT PACKING pc=0x00000218ea59ccab sp=0x000000719ecfebb0
Event: 0.547 Thread 0x0000021884cfcf00 DEOPT UNPACKING pc=0x00000218e9fde23f sp=0x000000719ecfe090 mode 0
Event: 0.551 Thread 0x0000021884cfb450 DEOPT PACKING pc=0x00000218ea59ccab sp=0x000000719eafeac0
Event: 0.551 Thread 0x0000021884cfb450 DEOPT UNPACKING pc=0x00000218e9fde23f sp=0x000000719eafdfa0 mode 0
Event: 0.556 Thread 0x0000021884cfb920 DEOPT PACKING pc=0x00000218ea59ccab sp=0x000000719ebfe830
Event: 0.556 Thread 0x0000021884d43d70 DEOPT PACKING pc=0x00000218ea59ccab sp=0x000000719e9fe840
Event: 0.556 Thread 0x0000021884cfb920 DEOPT UNPACKING pc=0x00000218e9fde23f sp=0x000000719ebfdd10 mode 0
Event: 0.556 Thread 0x0000021884d43d70 DEOPT UNPACKING pc=0x00000218e9fde23f sp=0x000000719e9fdd20 mode 0
Event: 0.561 Thread 0x0000021884cfb920 DEOPT PACKING pc=0x00000218ea59ccab sp=0x000000719ebfe830
Event: 0.561 Thread 0x0000021884cfb920 DEOPT UNPACKING pc=0x00000218e9fde23f sp=0x000000719ebfdd10 mode 0
Event: 0.578 Thread 0x0000021884cfb450 DEOPT PACKING pc=0x00000218ea59ccab sp=0x000000719eafeac0
Event: 0.578 Thread 0x0000021884cfb450 DEOPT UNPACKING pc=0x00000218e9fde23f sp=0x000000719eafdfa0 mode 0

Classes unloaded (0 events):
No events

Classes redefined (0 events):
No events

Internal exceptions (5 events):
Event: 0.246 Thread 0x0000021884cebaa0 Exception <a 'java/lang/NoSuchMethodError'{0x000000072ea08938}: 'java.lang.Object java.lang.invoke.DirectMethodHandle$Holder.invokeStatic(java.lang.Object)'> (0x000000072ea08938) 
thrown [./open/src/hotspot/share/interpreter/linkResolver.cpp, line 782]
Event: 0.247 Thread 0x0000021884cebaa0 Exception <a 'java/lang/NoSuchMethodError'{0x000000072ea0c248}: 'java.lang.Object java.lang.invoke.DirectMethodHandle$Holder.invokeStaticInit(java.lang.Object)'> (0x000000072ea0c248) 
thrown [./open/src/hotspot/share/interpreter/linkResolver.cpp, line 782]
Event: 0.247 Thread 0x00000218e1d65520 Exception <a 'java/lang/NoSuchMethodError'{0x000000072edd5dc0}: 'int java.lang.invoke.DirectMethodHandle$Holder.invokeSpecial(java.lang.Object, java.lang.Object, java.lang.Object)'> (0x000000072edd5dc0) 
thrown [./open/src/hotspot/share/interpreter/linkResolver.cpp, line 782]
Event: 0.256 Thread 0x00000218e1d65520 Exception <a 'java/lang/NoSuchMethodError'{0x000000072edfec38}: 'int java.lang.invoke.DirectMethodHandle$Holder.invokeStatic(java.lang.Object, java.lang.Object, int)'> (0x000000072edfec38) 
thrown [./open/src/hotspot/share/interpreter/linkResolver.cpp, line 782]
Event: 0.258 Thread 0x0000021884cebaa0 Exception <a 'java/lang/NoSuchMethodError'{0x000000072ea19310}: 'void java.lang.invoke.DirectMethodHandle$Holder.invokeStatic(java.lang.Object, java.lang.Object)'> (0x000000072ea19310) 
thrown [./open/src/hotspot/share/interpreter/linkResolver.cpp, line 782]

Events (20 events):
Event: 0.266 loading class java/util/stream/ReduceOps$5ReducingSink
Event: 0.266 loading class sun/nio/ch/Util$1
Event: 0.266 loading class sun/nio/ch/Util$1 done
Event: 0.266 loading class java/util/stream/ReduceOps$5ReducingSink done
Event: 0.266 loading class sun/nio/ch/Util$BufferCache
Event: 0.266 loading class sun/nio/ch/Util$BufferCache done
Event: 0.266 loading class java/nio/DirectByteBuffer$Deallocator
Event: 0.266 loading class java/nio/DirectByteBuffer$Deallocator done
Event: 0.279 Thread 0x0000021884e01720 Thread added: 0x0000021884e01720
Event: 0.282 Thread 0x0000021884e02e70 Thread added: 0x0000021884e02e70
Event: 0.318 Executing VM operation: G1CollectForAllocation
Event: 0.325 Executing VM operation: G1CollectForAllocation done
Event: 0.325 Executing VM operation: HandshakeAllThreads
Event: 0.325 Executing VM operation: HandshakeAllThreads done
Event: 0.379 Executing VM operation: G1CollectForAllocation
Event: 0.382 Executing VM operation: G1CollectForAllocation done
Event: 0.516 Executing VM operation: G1CollectForAllocation
Event: 0.521 Executing VM operation: G1CollectForAllocation done
Event: 0.564 Executing VM operation: G1CollectForAllocation
Event: 0.569 Executing VM operation: G1CollectForAllocation done


Dynamic libraries:
0x00007ff65c340000 - 0x00007ff65c34f000 	C:\Program Files\Java\jdk-15\bin\java.exe
0x00007ffd9d540000 - 0x00007ffd9d730000 	C:\WINDOWS\SYSTEM32\ntdll.dll
0x00007ffd9c6e0000 - 0x00007ffd9c792000 	C:\WINDOWS\System32\KERNEL32.DLL
0x00007ffd9a4d0000 - 0x00007ffd9a775000 	C:\WINDOWS\System32\KERNELBASE.dll
0x00007ffd9b2a0000 - 0x00007ffd9b39a000 	C:\WINDOWS\System32\ucrtbase.dll
0x00007ffd94a60000 - 0x00007ffd94a78000 	C:\Program Files\Java\jdk-15\bin\jli.dll
0x00007ffd9c850000 - 0x00007ffd9c8f3000 	C:\WINDOWS\System32\ADVAPI32.dll
0x00007ffd9bec0000 - 0x00007ffd9bf5e000 	C:\WINDOWS\System32\msvcrt.dll
0x00007ffd9b750000 - 0x00007ffd9b7e7000 	C:\WINDOWS\System32\sechost.dll
0x00007ffd9b600000 - 0x00007ffd9b720000 	C:\WINDOWS\System32\RPCRT4.dll
0x00007ffd9c390000 - 0x00007ffd9c525000 	C:\WINDOWS\System32\USER32.dll
0x00007ffd9a780000 - 0x00007ffd9a7a1000 	C:\WINDOWS\System32\win32u.dll
0x00007ffd9d0c0000 - 0x00007ffd9d0e6000 	C:\WINDOWS\System32\GDI32.dll
0x00007ffd9b3a0000 - 0x00007ffd9b536000 	C:\WINDOWS\System32\gdi32full.dll
0x00007ffd9b000000 - 0x00007ffd9b09e000 	C:\WINDOWS\System32\msvcp_win.dll
0x00007ffd8eab0000 - 0x00007ffd8eac9000 	C:\Program Files\Java\jdk-15\bin\VCRUNTIME140.dll
0x00007ffd8cab0000 - 0x00007ffd8cd34000 	C:\WINDOWS\WinSxS\amd64_microsoft.windows.common-controls_6595b64144ccf1df_6.0.18362.1082_none_9e8193e1e45b25c1\COMCTL32.dll
0x00007ffd9d0f0000 - 0x00007ffd9d425000 	C:\WINDOWS\System32\combase.dll
0x00007ffd9a7e0000 - 0x00007ffd9a860000 	C:\WINDOWS\System32\bcryptPrimitives.dll
0x00007ffd92af0000 - 0x00007ffd92afa000 	C:\WINDOWS\SYSTEM32\VERSION.dll
0x00007ffd9b720000 - 0x00007ffd9b74e000 	C:\WINDOWS\System32\IMM32.DLL
0x00007ffd90990000 - 0x00007ffd9099c000 	C:\Program Files\Java\jdk-15\bin\vcruntime140_1.dll
0x00007ffd8e200000 - 0x00007ffd8e291000 	C:\Program Files\Java\jdk-15\bin\msvcp140.dll
0x00007ffd67180000 - 0x00007ffd67cdc000 	C:\Program Files\Java\jdk-15\bin\server\jvm.dll
0x00007ffd9c310000 - 0x00007ffd9c318000 	C:\WINDOWS\System32\PSAPI.DLL
0x00007ffd94dc0000 - 0x00007ffd94dc9000 	C:\WINDOWS\SYSTEM32\WSOCK32.dll
0x00007ffd9d050000 - 0x00007ffd9d0bf000 	C:\WINDOWS\System32\WS2_32.dll
0x00007ffd97fd0000 - 0x00007ffd97ff4000 	C:\WINDOWS\SYSTEM32\WINMM.dll
0x00007ffd97fa0000 - 0x00007ffd97fcd000 	C:\WINDOWS\SYSTEM32\WINMMBASE.dll
0x00007ffd9b100000 - 0x00007ffd9b14a000 	C:\WINDOWS\System32\cfgmgr32.dll
0x00007ffd9a460000 - 0x00007ffd9a471000 	C:\WINDOWS\System32\kernel.appcore.dll
0x00007ffd8ea80000 - 0x00007ffd8ea8a000 	C:\Program Files\Java\jdk-15\bin\jimage.dll
0x00007ffd88930000 - 0x00007ffd88b24000 	C:\WINDOWS\SYSTEM32\DBGHELP.DLL
0x00007ffd88860000 - 0x00007ffd8888a000 	C:\WINDOWS\SYSTEM32\dbgcore.DLL
0x00007ffd93520000 - 0x00007ffd9352e000 	C:\Program Files\Java\jdk-15\bin\instrument.dll
0x00007ffd86040000 - 0x00007ffd86065000 	C:\Program Files\Java\jdk-15\bin\java.dll
0x00007ffd9c900000 - 0x00007ffd9cfe7000 	C:\WINDOWS\System32\SHELL32.dll
0x00007ffd9b9a0000 - 0x00007ffd9ba49000 	C:\WINDOWS\System32\shcore.dll
0x00007ffd9a880000 - 0x00007ffd9b000000 	C:\WINDOWS\System32\windows.storage.dll
0x00007ffd9a480000 - 0x00007ffd9a4a3000 	C:\WINDOWS\System32\profapi.dll
0x00007ffd9a410000 - 0x00007ffd9a45a000 	C:\WINDOWS\System32\powrprof.dll
0x00007ffd9a400000 - 0x00007ffd9a410000 	C:\WINDOWS\System32\UMPDC.dll
0x00007ffd9c330000 - 0x00007ffd9c382000 	C:\WINDOWS\System32\shlwapi.dll
0x00007ffd9a860000 - 0x00007ffd9a877000 	C:\WINDOWS\System32\cryptsp.dll
0x00007ffd869b0000 - 0x00007ffd869c8000 	C:\Program Files\Java\jdk-15\bin\zip.dll
0x00007ffd87940000 - 0x00007ffd87959000 	C:\Program Files\Java\jdk-15\bin\net.dll
0x00007ffd8da30000 - 0x00007ffd8db20000 	C:\WINDOWS\SYSTEM32\WINHTTP.dll
0x00007ffd99bf0000 - 0x00007ffd99c57000 	C:\WINDOWS\system32\mswsock.dll
0x00007ffd87900000 - 0x00007ffd87912000 	C:\Program Files\Java\jdk-15\bin\nio.dll
0x00007ffd8fad0000 - 0x00007ffd8faea000 	C:\Program Files\JetBrains\IntelliJ IDEA Community Edition 2020.2.2\bin\breakgen64.dll

dbghelp: loaded successfully - version: 4.0.5 - missing functions: none
symbol engine: initialized successfully - sym options: 0x614 - pdb path: .;C:\Program Files\Java\jdk-15\bin;C:\WINDOWS\SYSTEM32;C:\WINDOWS\WinSxS\amd64_microsoft.windows.common-controls_6595b64144ccf1df_6.0.18362.1082_none_9e8193e1e45b25c1;C:\Program Files\Java\jdk-15\bin\server;C:\Program Files\JetBrains\IntelliJ IDEA Community Edition 2020.2.2\bin

VM Arguments:
jvm_args: -javaagent:C:\Program Files\JetBrains\IntelliJ IDEA Community Edition 2020.2.2\lib\idea_rt.jar=56272:C:\Program Files\JetBrains\IntelliJ IDEA Community Edition 2020.2.2\bin -Dfile.encoding=UTF-8 
java_command: ru.dilgrop.java.luckytickets.LuckyTicketsApp
java_class_path (initial): D:\Studies\Java\Projects\LuckyTickets\target\classes
Launcher Type: SUN_STANDARD

[Global flags]
     intx CICompilerCount                          = 4                                         {product} {ergonomic}
     uint ConcGCThreads                            = 2                                         {product} {ergonomic}
     uint G1ConcRefinementThreads                  = 8                                         {product} {ergonomic}
   size_t G1HeapRegionSize                         = 2097152                                   {product} {ergonomic}
    uintx GCDrainStackTargetSize                   = 64                                        {product} {ergonomic}
   size_t InitialHeapSize                          = 234881024                                 {product} {ergonomic}
   size_t MarkStackSize                            = 4194304                                   {product} {ergonomic}
   size_t MaxHeapSize                              = 3743416320                                {product} {ergonomic}
   size_t MaxNewSize                               = 2246049792                                {product} {ergonomic}
   size_t MinHeapDeltaBytes                        = 2097152                                   {product} {ergonomic}
   size_t MinHeapSize                              = 8388608                                   {product} {ergonomic}
    uintx NonNMethodCodeHeapSize                   = 5839372                                {pd product} {ergonomic}
    uintx NonProfiledCodeHeapSize                  = 122909434                              {pd product} {ergonomic}
    uintx ProfiledCodeHeapSize                     = 122909434                              {pd product} {ergonomic}
    uintx ReservedCodeCacheSize                    = 251658240                              {pd product} {ergonomic}
     bool SegmentedCodeCache                       = true                                      {product} {ergonomic}
   size_t SoftMaxHeapSize                          = 3743416320                             {manageable} {ergonomic}
     bool UseCompressedClassPointers               = true                                 {lp64_product} {ergonomic}
     bool UseCompressedOops                        = true                                 {lp64_product} {ergonomic}
     bool UseG1GC                                  = true                                      {product} {ergonomic}
     bool UseLargePagesIndividualAllocation        = false                                  {pd product} {ergonomic}

Logging:
Log output configuration:
 #0: stdout all=warning uptime,level,tags
 #1: stderr all=off uptime,level,tags

Environment Variables:
JAVA_HOME=C:\Program Files\Java\jdk-15
PATH=C:\Program Files\Java\jdk-15\bin;C:\Program Files\Common Files\Oracle\Java\javapath;C:\WINDOWS\system32;C:\WINDOWS;C:\WINDOWS\System32\Wbem;C:\WINDOWS\System32\WindowsPowerShell\v1.0\;C:\WINDOWS\System32\OpenSSH\;C:\Program Files\Git\cmd;C:\Users\Home\AppData\Local\Microsoft\WindowsApps;;C:\Program Files\JetBrains\IntelliJ IDEA Community Edition 2020.2.2\bin;
USERNAME=Home
OS=Windows_NT
PROCESSOR_IDENTIFIER=AMD64 Family 23 Model 24 Stepping 1, AuthenticAMD



---------------  S Y S T E M  ---------------

OS:
 Windows 10 , 64 bit Build 18362 (10.0.18362.1082)
OS uptime: 3 days 6:53 hours

CPU: total 8 (initial active 8) (8 cores per cpu, 2 threads per core) family 23 model 24 stepping 1, cmov, cx8, fxsr, mmx, sse, sse2, sse3, ssse3, sse4.1, sse4.2, popcnt, vzeroupper, avx, avx2, aes, clmul, 3dnowpref, lzcnt, sse4a, ht, tsc, tscinvbit, tscinv, bmi1, bmi2, adx, sha, fma, clflush, clflushopt

Memory: 4k page, system-wide physical 14274M (8044M free)
TotalPageFile size 16962M (AvailPageFile size 9356M)
current process WorkingSet (physical memory assigned to process): 239M, peak: 239M
current process commit charge ("private bytes"): 387M, peak: 387M

vm_info: Java HotSpot(TM) 64-Bit Server VM (15+36-1562) for windows-amd64 JRE (15+36-1562), built on Aug 11 2020 22:38:02 by "mach5one" with unknown MS VC++:1925

END.
